2016-11-15 10:04:24,070 INFO [localhost-startStop-1] o.s.w.c.ContextLoader [ContextLoader.java:285] Root WebApplicationContext: initialization started
2016-11-15 10:04:24,162 INFO [localhost-startStop-1] o.s.w.c.s.XmlWebApplicationContext [AbstractApplicationContext.java:510] Refreshing Root WebApplicationContext: startup date [Tue Nov 15 10:04:24 CET 2016]; root of context hierarchy
2016-11-15 10:04:24,199 INFO [localhost-startStop-1] o.s.b.f.x.XmlBeanDefinitionReader [XmlBeanDefinitionReader.java:317] Loading XML bean definitions from class path resource [spring/business-config.xml]
2016-11-15 10:04:24,661 INFO [localhost-startStop-1] o.s.w.c.ContextLoader [ContextLoader.java:325] Root WebApplicationContext: initialization completed in 587 ms
2016-11-15 10:04:24,775 INFO [localhost-startStop-1] o.s.w.s.DispatcherServlet [FrameworkServlet.java:485] FrameworkServlet 'dispatcherServlet': initialization started
2016-11-15 10:04:24,782 INFO [localhost-startStop-1] o.s.w.c.s.XmlWebApplicationContext [AbstractApplicationContext.java:510] Refreshing WebApplicationContext for namespace 'dispatcherServlet-servlet': startup date [Tue Nov 15 10:04:24 CET 2016]; parent: Root WebApplicationContext
2016-11-15 10:04:24,784 INFO [localhost-startStop-1] o.s.b.f.x.XmlBeanDefinitionReader [XmlBeanDefinitionReader.java:317] Loading XML bean definitions from class path resource [spring/mvc-core-config.xml]
2016-11-15 10:04:25,373 INFO [localhost-startStop-1] o.s.w.s.DispatcherServlet [FrameworkServlet.java:504] FrameworkServlet 'dispatcherServlet': initialization completed in 597 ms
2016-11-15 10:10:40,093 WARN [http-bio-8080-exec-6] o.s.w.s.PageNotFound [DispatcherServlet.java:1136] No mapping found for HTTP request with URI [/servlet-showcase/] in DispatcherServlet with name 'dispatcherServlet'
2016-11-15 10:11:35,574 WARN [http-bio-8080-exec-8] o.s.w.s.PageNotFound [DispatcherServlet.java:1136] No mapping found for HTTP request with URI [/servlet-showcase/] in DispatcherServlet with name 'dispatcherServlet'
2016-11-15 10:12:27,719 INFO [localhost-startStop-1] o.s.w.c.ContextLoader [ContextLoader.java:285] Root WebApplicationContext: initialization started
2016-11-15 10:12:27,806 INFO [localhost-startStop-1] o.s.w.c.s.XmlWebApplicationContext [AbstractApplicationContext.java:510] Refreshing Root WebApplicationContext: startup date [Tue Nov 15 10:12:27 CET 2016]; root of context hierarchy
2016-11-15 10:12:27,845 INFO [localhost-startStop-1] o.s.b.f.x.XmlBeanDefinitionReader [XmlBeanDefinitionReader.java:317] Loading XML bean definitions from class path resource [spring/business-config.xml]
2016-11-15 10:12:27,968 INFO [localhost-startStop-1] o.s.w.c.ContextLoader [ContextLoader.java:325] Root WebApplicationContext: initialization completed in 244 ms
2016-11-15 10:12:28,028 INFO [localhost-startStop-1] o.s.w.s.DispatcherServlet [FrameworkServlet.java:485] FrameworkServlet 'dispatcherServlet': initialization started
2016-11-15 10:12:28,030 INFO [localhost-startStop-1] o.s.w.c.s.XmlWebApplicationContext [AbstractApplicationContext.java:510] Refreshing WebApplicationContext for namespace 'dispatcherServlet-servlet': startup date [Tue Nov 15 10:12:28 CET 2016]; parent: Root WebApplicationContext
2016-11-15 10:12:28,031 INFO [localhost-startStop-1] o.s.b.f.x.XmlBeanDefinitionReader [XmlBeanDefinitionReader.java:317] Loading XML bean definitions from class path resource [spring/mvc-core-config.xml]
2016-11-15 10:12:28,171 INFO [localhost-startStop-1] o.s.w.s.DispatcherServlet [FrameworkServlet.java:504] FrameworkServlet 'dispatcherServlet': initialization completed in 143 ms
2016-11-15 10:13:09,576 WARN [http-bio-8080-exec-1] o.s.w.s.PageNotFound [DispatcherServlet.java:1136] No mapping found for HTTP request with URI [/servlet-showcase/] in DispatcherServlet with name 'dispatcherServlet'
2016-11-15 10:13:40,712 WARN [http-bio-8080-exec-6] o.s.w.s.PageNotFound [DispatcherServlet.java:1136] No mapping found for HTTP request with URI [/servlet-showcase/] in DispatcherServlet with name 'dispatcherServlet'
2016-11-15 10:14:46,397 WARN [http-bio-8080-exec-10] o.s.w.s.PageNotFound [DispatcherServlet.java:1136] No mapping found for HTTP request with URI [/servlet-showcase/] in DispatcherServlet with name 'dispatcherServlet'
2016-11-15 10:15:59,104 INFO [localhost-startStop-1] o.s.w.c.ContextLoader [ContextLoader.java:285] Root WebApplicationContext: initialization started
2016-11-15 10:15:59,190 INFO [localhost-startStop-1] o.s.w.c.s.XmlWebApplicationContext [AbstractApplicationContext.java:510] Refreshing Root WebApplicationContext: startup date [Tue Nov 15 10:15:59 CET 2016]; root of context hierarchy
2016-11-15 10:15:59,229 INFO [localhost-startStop-1] o.s.b.f.x.XmlBeanDefinitionReader [XmlBeanDefinitionReader.java:317] Loading XML bean definitions from class path resource [spring/business-config.xml]
2016-11-15 10:15:59,333 INFO [localhost-startStop-1] o.s.w.c.ContextLoader [ContextLoader.java:325] Root WebApplicationContext: initialization completed in 225 ms
2016-11-15 10:15:59,385 INFO [localhost-startStop-1] o.s.w.s.DispatcherServlet [FrameworkServlet.java:485] FrameworkServlet 'dispatcherServlet': initialization started
2016-11-15 10:15:59,388 INFO [localhost-startStop-1] o.s.w.c.s.XmlWebApplicationContext [AbstractApplicationContext.java:510] Refreshing WebApplicationContext for namespace 'dispatcherServlet-servlet': startup date [Tue Nov 15 10:15:59 CET 2016]; parent: Root WebApplicationContext
2016-11-15 10:15:59,389 INFO [localhost-startStop-1] o.s.b.f.x.XmlBeanDefinitionReader [XmlBeanDefinitionReader.java:317] Loading XML bean definitions from class path resource [spring/mvc-core-config.xml]
2016-11-15 10:15:59,529 INFO [localhost-startStop-1] o.s.w.s.DispatcherServlet [FrameworkServlet.java:504] FrameworkServlet 'dispatcherServlet': initialization completed in 144 ms
2016-11-15 10:24:00,594 WARN [http-bio-8080-exec-2] o.s.w.s.PageNotFound [DispatcherServlet.java:1136] No mapping found for HTTP request with URI [/servlet-showcase/] in DispatcherServlet with name 'dispatcherServlet'
2016-11-15 10:24:47,401 WARN [http-bio-8080-exec-10] o.s.w.s.PageNotFound [DispatcherServlet.java:1136] No mapping found for HTTP request with URI [/servlet-showcase/] in DispatcherServlet with name 'dispatcherServlet'
2016-11-15 10:27:14,259 WARN [http-bio-8080-exec-3] o.s.w.s.PageNotFound [DispatcherServlet.java:1136] No mapping found for HTTP request with URI [/servlet-showcase/] in DispatcherServlet with name 'dispatcherServlet'
2016-11-15 10:27:15,592 WARN [http-bio-8080-exec-3] o.s.w.s.PageNotFound [DispatcherServlet.java:1136] No mapping found for HTTP request with URI [/servlet-showcase/] in DispatcherServlet with name 'dispatcherServlet'
2016-11-15 10:27:16,145 WARN [http-bio-8080-exec-3] o.s.w.s.PageNotFound [DispatcherServlet.java:1136] No mapping found for HTTP request with URI [/servlet-showcase/] in DispatcherServlet with name 'dispatcherServlet'
2016-11-15 10:27:16,329 WARN [http-bio-8080-exec-3] o.s.w.s.PageNotFound [DispatcherServlet.java:1136] No mapping found for HTTP request with URI [/servlet-showcase/] in DispatcherServlet with name 'dispatcherServlet'
2016-11-15 10:27:16,483 WARN [http-bio-8080-exec-3] o.s.w.s.PageNotFound [DispatcherServlet.java:1136] No mapping found for HTTP request with URI [/servlet-showcase/] in DispatcherServlet with name 'dispatcherServlet'
2016-11-15 10:27:16,639 WARN [http-bio-8080-exec-3] o.s.w.s.PageNotFound [DispatcherServlet.java:1136] No mapping found for HTTP request with URI [/servlet-showcase/] in DispatcherServlet with name 'dispatcherServlet'
2016-11-15 10:27:16,809 WARN [http-bio-8080-exec-3] o.s.w.s.PageNotFound [DispatcherServlet.java:1136] No mapping found for HTTP request with URI [/servlet-showcase/] in DispatcherServlet with name 'dispatcherServlet'
2016-11-15 10:27:16,994 WARN [http-bio-8080-exec-3] o.s.w.s.PageNotFound [DispatcherServlet.java:1136] No mapping found for HTTP request with URI [/servlet-showcase/] in DispatcherServlet with name 'dispatcherServlet'
2016-11-15 10:27:17,201 WARN [http-bio-8080-exec-3] o.s.w.s.PageNotFound [DispatcherServlet.java:1136] No mapping found for HTTP request with URI [/servlet-showcase/] in DispatcherServlet with name 'dispatcherServlet'
2016-11-15 10:27:17,434 WARN [http-bio-8080-exec-3] o.s.w.s.PageNotFound [DispatcherServlet.java:1136] No mapping found for HTTP request with URI [/servlet-showcase/] in DispatcherServlet with name 'dispatcherServlet'
2016-11-15 10:27:17,712 WARN [http-bio-8080-exec-3] o.s.w.s.PageNotFound [DispatcherServlet.java:1136] No mapping found for HTTP request with URI [/servlet-showcase/] in DispatcherServlet with name 'dispatcherServlet'
2016-11-15 10:27:46,273 WARN [http-bio-8080-exec-3] o.s.w.s.PageNotFound [DispatcherServlet.java:1136] No mapping found for HTTP request with URI [/servlet-showcase/] in DispatcherServlet with name 'dispatcherServlet'
2016-11-15 10:28:01,206 INFO [localhost-startStop-1] o.s.w.c.ContextLoader [ContextLoader.java:285] Root WebApplicationContext: initialization started
2016-11-15 10:28:01,293 INFO [localhost-startStop-1] o.s.w.c.s.XmlWebApplicationContext [AbstractApplicationContext.java:510] Refreshing Root WebApplicationContext: startup date [Tue Nov 15 10:28:01 CET 2016]; root of context hierarchy
2016-11-15 10:28:01,333 INFO [localhost-startStop-1] o.s.b.f.x.XmlBeanDefinitionReader [XmlBeanDefinitionReader.java:317] Loading XML bean definitions from class path resource [spring/business-config.xml]
2016-11-15 10:28:01,444 INFO [localhost-startStop-1] o.s.w.c.ContextLoader [ContextLoader.java:325] Root WebApplicationContext: initialization completed in 235 ms
2016-11-15 10:28:01,493 INFO [localhost-startStop-1] o.s.w.s.DispatcherServlet [FrameworkServlet.java:485] FrameworkServlet 'dispatcherServlet': initialization started
2016-11-15 10:28:01,496 INFO [localhost-startStop-1] o.s.w.c.s.XmlWebApplicationContext [AbstractApplicationContext.java:510] Refreshing WebApplicationContext for namespace 'dispatcherServlet-servlet': startup date [Tue Nov 15 10:28:01 CET 2016]; parent: Root WebApplicationContext
2016-11-15 10:28:01,497 INFO [localhost-startStop-1] o.s.b.f.x.XmlBeanDefinitionReader [XmlBeanDefinitionReader.java:317] Loading XML bean definitions from class path resource [spring/mvc-core-config.xml]
2016-11-15 10:28:01,623 INFO [localhost-startStop-1] o.s.w.s.DispatcherServlet [FrameworkServlet.java:504] FrameworkServlet 'dispatcherServlet': initialization completed in 129 ms
2016-11-15 10:28:09,771 WARN [http-bio-8080-exec-3] o.s.w.s.PageNotFound [DispatcherServlet.java:1136] No mapping found for HTTP request with URI [/servlet-showcase/] in DispatcherServlet with name 'dispatcherServlet'
2016-11-15 10:32:16,237 INFO [localhost-startStop-1] o.s.w.c.ContextLoader [ContextLoader.java:285] Root WebApplicationContext: initialization started
2016-11-15 10:32:16,330 INFO [localhost-startStop-1] o.s.w.c.s.XmlWebApplicationContext [AbstractApplicationContext.java:510] Refreshing Root WebApplicationContext: startup date [Tue Nov 15 10:32:16 CET 2016]; root of context hierarchy
2016-11-15 10:32:16,369 INFO [localhost-startStop-1] o.s.b.f.x.XmlBeanDefinitionReader [XmlBeanDefinitionReader.java:317] Loading XML bean definitions from class path resource [spring/business-config.xml]
2016-11-15 10:32:16,471 INFO [localhost-startStop-1] o.s.w.c.ContextLoader [ContextLoader.java:325] Root WebApplicationContext: initialization completed in 230 ms
2016-11-15 10:32:16,524 INFO [localhost-startStop-1] o.s.w.s.DispatcherServlet [FrameworkServlet.java:485] FrameworkServlet 'dispatcherServlet': initialization started
2016-11-15 10:32:16,527 INFO [localhost-startStop-1] o.s.w.c.s.XmlWebApplicationContext [AbstractApplicationContext.java:510] Refreshing WebApplicationContext for namespace 'dispatcherServlet-servlet': startup date [Tue Nov 15 10:32:16 CET 2016]; parent: Root WebApplicationContext
2016-11-15 10:32:16,528 INFO [localhost-startStop-1] o.s.b.f.x.XmlBeanDefinitionReader [XmlBeanDefinitionReader.java:317] Loading XML bean definitions from class path resource [spring/mvc-core-config.xml]
2016-11-15 10:32:16,711 INFO [localhost-startStop-1] o.s.w.s.DispatcherServlet [FrameworkServlet.java:504] FrameworkServlet 'dispatcherServlet': initialization completed in 186 ms
2016-11-15 10:32:19,663 WARN [http-bio-8080-exec-1] o.s.w.s.PageNotFound [DispatcherServlet.java:1136] No mapping found for HTTP request with URI [/servlet-showcase/OrderForm.html] in DispatcherServlet with name 'dispatcherServlet'
2016-11-15 10:32:21,308 WARN [http-bio-8080-exec-3] o.s.w.s.PageNotFound [DispatcherServlet.java:1136] No mapping found for HTTP request with URI [/servlet-showcase/OrderForm.html] in DispatcherServlet with name 'dispatcherServlet'
2016-11-15 10:32:44,760 WARN [http-bio-8080-exec-4] o.s.w.s.PageNotFound [DispatcherServlet.java:1136] No mapping found for HTTP request with URI [/servlet-showcase/OrderForm.html] in DispatcherServlet with name 'dispatcherServlet'
