2016-12-05 19:46:17,906 INFO [localhost-startStop-1] o.s.w.c.ContextLoader [ContextLoader.java:285] Root WebApplicationContext: initialization started
2016-12-05 19:46:17,996 INFO [localhost-startStop-1] o.s.w.c.s.XmlWebApplicationContext [AbstractApplicationContext.java:510] Refreshing Root WebApplicationContext: startup date [Mon Dec 05 19:46:17 CET 2016]; root of context hierarchy
2016-12-05 19:46:18,036 INFO [localhost-startStop-1] o.s.b.f.x.XmlBeanDefinitionReader [XmlBeanDefinitionReader.java:317] Loading XML bean definitions from class path resource [spring/business-config.xml]
2016-12-05 19:46:18,296 INFO [localhost-startStop-1] o.s.w.c.ContextLoader [ContextLoader.java:325] Root WebApplicationContext: initialization completed in 385 ms
2016-12-05 19:46:18,329 INFO [localhost-startStop-1] o.s.w.s.DispatcherServlet [FrameworkServlet.java:485] FrameworkServlet 'springDispatcher': initialization started
2016-12-05 19:46:18,332 INFO [localhost-startStop-1] o.s.w.c.s.XmlWebApplicationContext [AbstractApplicationContext.java:510] Refreshing WebApplicationContext for namespace 'springDispatcher-servlet': startup date [Mon Dec 05 19:46:18 CET 2016]; parent: Root WebApplicationContext
2016-12-05 19:46:18,333 INFO [localhost-startStop-1] o.s.b.f.x.XmlBeanDefinitionReader [XmlBeanDefinitionReader.java:317] Loading XML bean definitions from class path resource [spring/mvc-core-config.xml]
2016-12-05 19:46:18,358 INFO [localhost-startStop-1] o.s.b.f.x.XmlBeanDefinitionReader [XmlBeanDefinitionReader.java:317] Loading XML bean definitions from class path resource [spring/mvc-view-config.xml]
2016-12-05 19:46:18,759 INFO [localhost-startStop-1] o.s.w.s.m.m.a.RequestMappingHandlerMapping [AbstractHandlerMethodMapping.java:217] Mapped "{[/api/groups/{id}],methods=[PUT],produces=[application/json]}" onto public void mk.ukim.finki.wp.web.GroupController.update(java.lang.Long,mk.ukim.finki.wp.model.Group)
2016-12-05 19:46:18,760 INFO [localhost-startStop-1] o.s.w.s.m.m.a.RequestMappingHandlerMapping [AbstractHandlerMethodMapping.java:217] Mapped "{[/api/groups/{id}],methods=[DELETE],produces=[application/json]}" onto public void mk.ukim.finki.wp.web.GroupController.delete(java.lang.Long)
2016-12-05 19:46:18,760 INFO [localhost-startStop-1] o.s.w.s.m.m.a.RequestMappingHandlerMapping [AbstractHandlerMethodMapping.java:217] Mapped "{[/api/groups],methods=[POST],produces=[application/json]}" onto public void mk.ukim.finki.wp.web.GroupController.save(mk.ukim.finki.wp.model.Group)
2016-12-05 19:46:18,760 INFO [localhost-startStop-1] o.s.w.s.m.m.a.RequestMappingHandlerMapping [AbstractHandlerMethodMapping.java:217] Mapped "{[/api/groups],methods=[GET],produces=[application/json]}" onto public java.util.List<mk.ukim.finki.wp.model.Group> mk.ukim.finki.wp.web.GroupController.findAll()
2016-12-05 19:46:18,760 INFO [localhost-startStop-1] o.s.w.s.m.m.a.RequestMappingHandlerMapping [AbstractHandlerMethodMapping.java:217] Mapped "{[/api/groups/{id}],methods=[GET],produces=[application/json]}" onto public mk.ukim.finki.wp.model.Group mk.ukim.finki.wp.web.GroupController.findById(java.lang.Long)
2016-12-05 19:46:18,761 INFO [localhost-startStop-1] o.s.w.s.m.m.a.RequestMappingHandlerMapping [AbstractHandlerMethodMapping.java:217] Mapped "{[/],methods=[GET]}" onto public org.springframework.web.servlet.ModelAndView mk.ukim.finki.wp.web.PizzaOrderController.index()
2016-12-05 19:46:18,761 INFO [localhost-startStop-1] o.s.w.s.m.m.a.RequestMappingHandlerMapping [AbstractHandlerMethodMapping.java:217] Mapped "{[/placeOrder],methods=[GET]}" onto public org.springframework.web.servlet.ModelAndView mk.ukim.finki.wp.web.PizzaOrderController.placeOrder(java.lang.String,java.lang.String,javax.servlet.http.HttpSession)
2016-12-05 19:46:18,761 INFO [localhost-startStop-1] o.s.w.s.m.m.a.RequestMappingHandlerMapping [AbstractHandlerMethodMapping.java:217] Mapped "{[/delivery],methods=[GET]}" onto public org.springframework.web.servlet.ModelAndView mk.ukim.finki.wp.web.PizzaOrderController.showClientInfo(java.lang.String,javax.servlet.http.HttpSession)
2016-12-05 19:46:18,811 INFO [localhost-startStop-1] o.h.v.i.u.Version [Version.java:27] HV000001: Hibernate Validator 5.1.3.Final
2016-12-05 19:46:19,339 INFO [localhost-startStop-1] o.s.w.s.m.m.a.RequestMappingHandlerAdapter [RequestMappingHandlerAdapter.java:517] Looking for @ControllerAdvice: WebApplicationContext for namespace 'springDispatcher-servlet': startup date [Mon Dec 05 19:46:18 CET 2016]; parent: Root WebApplicationContext
2016-12-05 19:46:19,389 INFO [localhost-startStop-1] o.s.w.s.m.m.a.RequestMappingHandlerAdapter [RequestMappingHandlerAdapter.java:517] Looking for @ControllerAdvice: WebApplicationContext for namespace 'springDispatcher-servlet': startup date [Mon Dec 05 19:46:18 CET 2016]; parent: Root WebApplicationContext
2016-12-05 19:46:19,477 INFO [localhost-startStop-1] o.s.w.s.h.SimpleUrlHandlerMapping [AbstractUrlHandlerMapping.java:301] Root mapping to handler of type [class org.springframework.web.servlet.mvc.ParameterizableViewController]
2016-12-05 19:46:19,482 INFO [localhost-startStop-1] o.s.w.s.h.SimpleUrlHandlerMapping [AbstractUrlHandlerMapping.java:314] Mapped URL path [/**] onto handler 'org.springframework.web.servlet.resource.DefaultServletHttpRequestHandler#0'
2016-12-05 19:46:19,506 INFO [localhost-startStop-1] o.s.w.s.DispatcherServlet [FrameworkServlet.java:504] FrameworkServlet 'springDispatcher': initialization completed in 1177 ms
2016-12-05 19:47:28,348 INFO [localhost-startStop-1] o.s.w.c.ContextLoader [ContextLoader.java:285] Root WebApplicationContext: initialization started
2016-12-05 19:47:28,446 INFO [localhost-startStop-1] o.s.w.c.s.XmlWebApplicationContext [AbstractApplicationContext.java:510] Refreshing Root WebApplicationContext: startup date [Mon Dec 05 19:47:28 CET 2016]; root of context hierarchy
2016-12-05 19:47:28,486 INFO [localhost-startStop-1] o.s.b.f.x.XmlBeanDefinitionReader [XmlBeanDefinitionReader.java:317] Loading XML bean definitions from class path resource [spring/business-config.xml]
2016-12-05 19:47:28,748 INFO [localhost-startStop-1] o.s.w.c.ContextLoader [ContextLoader.java:325] Root WebApplicationContext: initialization completed in 396 ms
2016-12-05 19:47:28,778 INFO [localhost-startStop-1] o.s.w.s.DispatcherServlet [FrameworkServlet.java:485] FrameworkServlet 'springDispatcher': initialization started
2016-12-05 19:47:28,781 INFO [localhost-startStop-1] o.s.w.c.s.XmlWebApplicationContext [AbstractApplicationContext.java:510] Refreshing WebApplicationContext for namespace 'springDispatcher-servlet': startup date [Mon Dec 05 19:47:28 CET 2016]; parent: Root WebApplicationContext
2016-12-05 19:47:28,782 INFO [localhost-startStop-1] o.s.b.f.x.XmlBeanDefinitionReader [XmlBeanDefinitionReader.java:317] Loading XML bean definitions from class path resource [spring/mvc-core-config.xml]
2016-12-05 19:47:28,824 INFO [localhost-startStop-1] o.s.b.f.x.XmlBeanDefinitionReader [XmlBeanDefinitionReader.java:317] Loading XML bean definitions from class path resource [spring/mvc-view-config.xml]
2016-12-05 19:47:29,181 INFO [localhost-startStop-1] o.s.w.s.m.m.a.RequestMappingHandlerMapping [AbstractHandlerMethodMapping.java:217] Mapped "{[/api/groups/{id}],methods=[PUT],produces=[application/json]}" onto public void mk.ukim.finki.wp.web.GroupController.update(java.lang.Long,mk.ukim.finki.wp.model.Group)
2016-12-05 19:47:29,181 INFO [localhost-startStop-1] o.s.w.s.m.m.a.RequestMappingHandlerMapping [AbstractHandlerMethodMapping.java:217] Mapped "{[/api/groups/{id}],methods=[DELETE],produces=[application/json]}" onto public void mk.ukim.finki.wp.web.GroupController.delete(java.lang.Long)
2016-12-05 19:47:29,182 INFO [localhost-startStop-1] o.s.w.s.m.m.a.RequestMappingHandlerMapping [AbstractHandlerMethodMapping.java:217] Mapped "{[/api/groups],methods=[POST],produces=[application/json]}" onto public void mk.ukim.finki.wp.web.GroupController.save(mk.ukim.finki.wp.model.Group)
2016-12-05 19:47:29,182 INFO [localhost-startStop-1] o.s.w.s.m.m.a.RequestMappingHandlerMapping [AbstractHandlerMethodMapping.java:217] Mapped "{[/api/groups/{id}],methods=[GET],produces=[application/json]}" onto public mk.ukim.finki.wp.model.Group mk.ukim.finki.wp.web.GroupController.findById(java.lang.Long)
2016-12-05 19:47:29,183 INFO [localhost-startStop-1] o.s.w.s.m.m.a.RequestMappingHandlerMapping [AbstractHandlerMethodMapping.java:217] Mapped "{[/api/groups],methods=[GET],produces=[application/json]}" onto public java.util.List<mk.ukim.finki.wp.model.Group> mk.ukim.finki.wp.web.GroupController.findAll()
2016-12-05 19:47:29,183 INFO [localhost-startStop-1] o.s.w.s.m.m.a.RequestMappingHandlerMapping [AbstractHandlerMethodMapping.java:217] Mapped "{[/],methods=[GET]}" onto public org.springframework.web.servlet.ModelAndView mk.ukim.finki.wp.web.PizzaOrderController.index()
2016-12-05 19:47:29,183 INFO [localhost-startStop-1] o.s.w.s.m.m.a.RequestMappingHandlerMapping [AbstractHandlerMethodMapping.java:217] Mapped "{[/delivery],methods=[GET]}" onto public org.springframework.web.servlet.ModelAndView mk.ukim.finki.wp.web.PizzaOrderController.showClientInfo(java.lang.String,javax.servlet.http.HttpSession)
2016-12-05 19:47:29,184 INFO [localhost-startStop-1] o.s.w.s.m.m.a.RequestMappingHandlerMapping [AbstractHandlerMethodMapping.java:217] Mapped "{[/placeOrder],methods=[GET]}" onto public org.springframework.web.servlet.ModelAndView mk.ukim.finki.wp.web.PizzaOrderController.placeOrder(java.lang.String,java.lang.String,javax.servlet.http.HttpSession)
2016-12-05 19:47:29,238 INFO [localhost-startStop-1] o.h.v.i.u.Version [Version.java:27] HV000001: Hibernate Validator 5.1.3.Final
2016-12-05 19:47:29,884 INFO [localhost-startStop-1] o.s.w.s.m.m.a.RequestMappingHandlerAdapter [RequestMappingHandlerAdapter.java:517] Looking for @ControllerAdvice: WebApplicationContext for namespace 'springDispatcher-servlet': startup date [Mon Dec 05 19:47:28 CET 2016]; parent: Root WebApplicationContext
2016-12-05 19:47:29,951 INFO [localhost-startStop-1] o.s.w.s.m.m.a.RequestMappingHandlerAdapter [RequestMappingHandlerAdapter.java:517] Looking for @ControllerAdvice: WebApplicationContext for namespace 'springDispatcher-servlet': startup date [Mon Dec 05 19:47:28 CET 2016]; parent: Root WebApplicationContext
2016-12-05 19:47:30,042 INFO [localhost-startStop-1] o.s.w.s.h.SimpleUrlHandlerMapping [AbstractUrlHandlerMapping.java:301] Root mapping to handler of type [class org.springframework.web.servlet.mvc.ParameterizableViewController]
2016-12-05 19:47:30,049 INFO [localhost-startStop-1] o.s.w.s.h.SimpleUrlHandlerMapping [AbstractUrlHandlerMapping.java:314] Mapped URL path [/**] onto handler 'org.springframework.web.servlet.resource.DefaultServletHttpRequestHandler#0'
2016-12-05 19:47:30,079 INFO [localhost-startStop-1] o.s.w.s.DispatcherServlet [FrameworkServlet.java:504] FrameworkServlet 'springDispatcher': initialization completed in 1301 ms
2016-12-05 19:49:46,196 INFO [localhost-startStop-1] o.s.w.c.ContextLoader [ContextLoader.java:285] Root WebApplicationContext: initialization started
2016-12-05 19:49:46,308 INFO [localhost-startStop-1] o.s.w.c.s.XmlWebApplicationContext [AbstractApplicationContext.java:510] Refreshing Root WebApplicationContext: startup date [Mon Dec 05 19:49:46 CET 2016]; root of context hierarchy
2016-12-05 19:49:46,374 INFO [localhost-startStop-1] o.s.b.f.x.XmlBeanDefinitionReader [XmlBeanDefinitionReader.java:317] Loading XML bean definitions from class path resource [spring/business-config.xml]
2016-12-05 19:49:46,683 INFO [localhost-startStop-1] o.s.w.c.ContextLoader [ContextLoader.java:325] Root WebApplicationContext: initialization completed in 481 ms
2016-12-05 19:49:46,720 INFO [localhost-startStop-1] o.s.w.s.DispatcherServlet [FrameworkServlet.java:485] FrameworkServlet 'springDispatcher': initialization started
2016-12-05 19:49:46,722 INFO [localhost-startStop-1] o.s.w.c.s.XmlWebApplicationContext [AbstractApplicationContext.java:510] Refreshing WebApplicationContext for namespace 'springDispatcher-servlet': startup date [Mon Dec 05 19:49:46 CET 2016]; parent: Root WebApplicationContext
2016-12-05 19:49:46,723 INFO [localhost-startStop-1] o.s.b.f.x.XmlBeanDefinitionReader [XmlBeanDefinitionReader.java:317] Loading XML bean definitions from class path resource [spring/mvc-core-config.xml]
2016-12-05 19:49:46,749 INFO [localhost-startStop-1] o.s.b.f.x.XmlBeanDefinitionReader [XmlBeanDefinitionReader.java:317] Loading XML bean definitions from class path resource [spring/mvc-view-config.xml]
2016-12-05 19:49:47,397 INFO [localhost-startStop-1] o.s.w.s.m.m.a.RequestMappingHandlerMapping [AbstractHandlerMethodMapping.java:217] Mapped "{[/api/groups/{id}],methods=[PUT],produces=[application/json]}" onto public void mk.ukim.finki.wp.web.GroupController.update(java.lang.Long,mk.ukim.finki.wp.model.Group)
2016-12-05 19:49:47,398 INFO [localhost-startStop-1] o.s.w.s.m.m.a.RequestMappingHandlerMapping [AbstractHandlerMethodMapping.java:217] Mapped "{[/api/groups/{id}],methods=[DELETE],produces=[application/json]}" onto public void mk.ukim.finki.wp.web.GroupController.delete(java.lang.Long)
2016-12-05 19:49:47,398 INFO [localhost-startStop-1] o.s.w.s.m.m.a.RequestMappingHandlerMapping [AbstractHandlerMethodMapping.java:217] Mapped "{[/api/groups],methods=[POST],produces=[application/json]}" onto public void mk.ukim.finki.wp.web.GroupController.save(mk.ukim.finki.wp.model.Group)
2016-12-05 19:49:47,398 INFO [localhost-startStop-1] o.s.w.s.m.m.a.RequestMappingHandlerMapping [AbstractHandlerMethodMapping.java:217] Mapped "{[/api/groups/{id}],methods=[GET],produces=[application/json]}" onto public mk.ukim.finki.wp.model.Group mk.ukim.finki.wp.web.GroupController.findById(java.lang.Long)
2016-12-05 19:49:47,399 INFO [localhost-startStop-1] o.s.w.s.m.m.a.RequestMappingHandlerMapping [AbstractHandlerMethodMapping.java:217] Mapped "{[/api/groups],methods=[GET],produces=[application/json]}" onto public java.util.List<mk.ukim.finki.wp.model.Group> mk.ukim.finki.wp.web.GroupController.findAll()
2016-12-05 19:49:47,400 INFO [localhost-startStop-1] o.s.w.s.m.m.a.RequestMappingHandlerMapping [AbstractHandlerMethodMapping.java:217] Mapped "{[/],methods=[GET]}" onto public org.springframework.web.servlet.ModelAndView mk.ukim.finki.wp.web.PizzaOrderController.index()
2016-12-05 19:49:47,400 INFO [localhost-startStop-1] o.s.w.s.m.m.a.RequestMappingHandlerMapping [AbstractHandlerMethodMapping.java:217] Mapped "{[/placeOrder],methods=[GET]}" onto public org.springframework.web.servlet.ModelAndView mk.ukim.finki.wp.web.PizzaOrderController.placeOrder(java.lang.String,java.lang.String,javax.servlet.http.HttpSession)
2016-12-05 19:49:47,401 INFO [localhost-startStop-1] o.s.w.s.m.m.a.RequestMappingHandlerMapping [AbstractHandlerMethodMapping.java:217] Mapped "{[/delivery],methods=[GET]}" onto public org.springframework.web.servlet.ModelAndView mk.ukim.finki.wp.web.PizzaOrderController.showClientInfo(java.lang.String,javax.servlet.http.HttpSession)
2016-12-05 19:49:47,469 INFO [localhost-startStop-1] o.h.v.i.u.Version [Version.java:27] HV000001: Hibernate Validator 5.1.3.Final
2016-12-05 19:49:47,989 INFO [localhost-startStop-1] o.s.w.s.m.m.a.RequestMappingHandlerAdapter [RequestMappingHandlerAdapter.java:517] Looking for @ControllerAdvice: WebApplicationContext for namespace 'springDispatcher-servlet': startup date [Mon Dec 05 19:49:46 CET 2016]; parent: Root WebApplicationContext
2016-12-05 19:49:48,055 INFO [localhost-startStop-1] o.s.w.s.m.m.a.RequestMappingHandlerAdapter [RequestMappingHandlerAdapter.java:517] Looking for @ControllerAdvice: WebApplicationContext for namespace 'springDispatcher-servlet': startup date [Mon Dec 05 19:49:46 CET 2016]; parent: Root WebApplicationContext
2016-12-05 19:49:48,145 INFO [localhost-startStop-1] o.s.w.s.h.SimpleUrlHandlerMapping [AbstractUrlHandlerMapping.java:301] Root mapping to handler of type [class org.springframework.web.servlet.mvc.ParameterizableViewController]
2016-12-05 19:49:48,151 INFO [localhost-startStop-1] o.s.w.s.h.SimpleUrlHandlerMapping [AbstractUrlHandlerMapping.java:314] Mapped URL path [/**] onto handler 'org.springframework.web.servlet.resource.DefaultServletHttpRequestHandler#0'
2016-12-05 19:49:48,176 INFO [localhost-startStop-1] o.s.w.s.DispatcherServlet [FrameworkServlet.java:504] FrameworkServlet 'springDispatcher': initialization completed in 1456 ms
2016-12-05 19:50:21,653 INFO [localhost-startStop-1] o.s.w.c.ContextLoader [ContextLoader.java:285] Root WebApplicationContext: initialization started
2016-12-05 19:50:21,748 INFO [localhost-startStop-1] o.s.w.c.s.XmlWebApplicationContext [AbstractApplicationContext.java:510] Refreshing Root WebApplicationContext: startup date [Mon Dec 05 19:50:21 CET 2016]; root of context hierarchy
2016-12-05 19:50:21,787 INFO [localhost-startStop-1] o.s.b.f.x.XmlBeanDefinitionReader [XmlBeanDefinitionReader.java:317] Loading XML bean definitions from class path resource [spring/business-config.xml]
2016-12-05 19:50:22,045 INFO [localhost-startStop-1] o.s.w.c.ContextLoader [ContextLoader.java:325] Root WebApplicationContext: initialization completed in 388 ms
2016-12-05 19:50:22,074 INFO [localhost-startStop-1] o.s.w.s.DispatcherServlet [FrameworkServlet.java:485] FrameworkServlet 'springDispatcher': initialization started
2016-12-05 19:50:22,077 INFO [localhost-startStop-1] o.s.w.c.s.XmlWebApplicationContext [AbstractApplicationContext.java:510] Refreshing WebApplicationContext for namespace 'springDispatcher-servlet': startup date [Mon Dec 05 19:50:22 CET 2016]; parent: Root WebApplicationContext
2016-12-05 19:50:22,078 INFO [localhost-startStop-1] o.s.b.f.x.XmlBeanDefinitionReader [XmlBeanDefinitionReader.java:317] Loading XML bean definitions from class path resource [spring/mvc-core-config.xml]
2016-12-05 19:50:22,102 INFO [localhost-startStop-1] o.s.b.f.x.XmlBeanDefinitionReader [XmlBeanDefinitionReader.java:317] Loading XML bean definitions from class path resource [spring/mvc-view-config.xml]
2016-12-05 19:50:22,456 INFO [localhost-startStop-1] o.s.w.s.m.m.a.RequestMappingHandlerMapping [AbstractHandlerMethodMapping.java:217] Mapped "{[/api/groups/{id}],methods=[PUT],produces=[application/json]}" onto public void mk.ukim.finki.wp.web.GroupController.update(java.lang.Long,mk.ukim.finki.wp.model.Group)
2016-12-05 19:50:22,456 INFO [localhost-startStop-1] o.s.w.s.m.m.a.RequestMappingHandlerMapping [AbstractHandlerMethodMapping.java:217] Mapped "{[/api/groups/{id}],methods=[DELETE],produces=[application/json]}" onto public void mk.ukim.finki.wp.web.GroupController.delete(java.lang.Long)
2016-12-05 19:50:22,456 INFO [localhost-startStop-1] o.s.w.s.m.m.a.RequestMappingHandlerMapping [AbstractHandlerMethodMapping.java:217] Mapped "{[/api/groups],methods=[POST],produces=[application/json]}" onto public void mk.ukim.finki.wp.web.GroupController.save(mk.ukim.finki.wp.model.Group)
2016-12-05 19:50:22,457 INFO [localhost-startStop-1] o.s.w.s.m.m.a.RequestMappingHandlerMapping [AbstractHandlerMethodMapping.java:217] Mapped "{[/api/groups/{id}],methods=[GET],produces=[application/json]}" onto public mk.ukim.finki.wp.model.Group mk.ukim.finki.wp.web.GroupController.findById(java.lang.Long)
2016-12-05 19:50:22,464 INFO [localhost-startStop-1] o.s.w.s.m.m.a.RequestMappingHandlerMapping [AbstractHandlerMethodMapping.java:217] Mapped "{[/api/groups],methods=[GET],produces=[application/json]}" onto public java.util.List<mk.ukim.finki.wp.model.Group> mk.ukim.finki.wp.web.GroupController.findAll()
2016-12-05 19:50:22,465 INFO [localhost-startStop-1] o.s.w.s.m.m.a.RequestMappingHandlerMapping [AbstractHandlerMethodMapping.java:217] Mapped "{[/],methods=[GET]}" onto public org.springframework.web.servlet.ModelAndView mk.ukim.finki.wp.web.PizzaOrderController.index()
2016-12-05 19:50:22,465 INFO [localhost-startStop-1] o.s.w.s.m.m.a.RequestMappingHandlerMapping [AbstractHandlerMethodMapping.java:217] Mapped "{[/placeOrder],methods=[GET]}" onto public org.springframework.web.servlet.ModelAndView mk.ukim.finki.wp.web.PizzaOrderController.placeOrder(java.lang.String,java.lang.String,javax.servlet.http.HttpSession)
2016-12-05 19:50:22,465 INFO [localhost-startStop-1] o.s.w.s.m.m.a.RequestMappingHandlerMapping [AbstractHandlerMethodMapping.java:217] Mapped "{[/delivery],methods=[GET]}" onto public org.springframework.web.servlet.ModelAndView mk.ukim.finki.wp.web.PizzaOrderController.showClientInfo(java.lang.String,javax.servlet.http.HttpSession)
2016-12-05 19:50:22,516 INFO [localhost-startStop-1] o.h.v.i.u.Version [Version.java:27] HV000001: Hibernate Validator 5.1.3.Final
2016-12-05 19:50:22,983 INFO [localhost-startStop-1] o.s.w.s.m.m.a.RequestMappingHandlerAdapter [RequestMappingHandlerAdapter.java:517] Looking for @ControllerAdvice: WebApplicationContext for namespace 'springDispatcher-servlet': startup date [Mon Dec 05 19:50:22 CET 2016]; parent: Root WebApplicationContext
2016-12-05 19:50:23,130 INFO [localhost-startStop-1] o.s.w.s.m.m.a.RequestMappingHandlerAdapter [RequestMappingHandlerAdapter.java:517] Looking for @ControllerAdvice: WebApplicationContext for namespace 'springDispatcher-servlet': startup date [Mon Dec 05 19:50:22 CET 2016]; parent: Root WebApplicationContext
2016-12-05 19:50:23,207 INFO [localhost-startStop-1] o.s.w.s.h.SimpleUrlHandlerMapping [AbstractUrlHandlerMapping.java:301] Root mapping to handler of type [class org.springframework.web.servlet.mvc.ParameterizableViewController]
2016-12-05 19:50:23,213 INFO [localhost-startStop-1] o.s.w.s.h.SimpleUrlHandlerMapping [AbstractUrlHandlerMapping.java:314] Mapped URL path [/**] onto handler 'org.springframework.web.servlet.resource.DefaultServletHttpRequestHandler#0'
2016-12-05 19:50:23,237 INFO [localhost-startStop-1] o.s.w.s.DispatcherServlet [FrameworkServlet.java:504] FrameworkServlet 'springDispatcher': initialization completed in 1163 ms
2016-12-05 19:53:58,841 INFO [localhost-startStop-1] o.s.w.c.ContextLoader [ContextLoader.java:285] Root WebApplicationContext: initialization started
2016-12-05 19:53:58,928 INFO [localhost-startStop-1] o.s.w.c.s.XmlWebApplicationContext [AbstractApplicationContext.java:510] Refreshing Root WebApplicationContext: startup date [Mon Dec 05 19:53:58 CET 2016]; root of context hierarchy
2016-12-05 19:53:58,968 INFO [localhost-startStop-1] o.s.b.f.x.XmlBeanDefinitionReader [XmlBeanDefinitionReader.java:317] Loading XML bean definitions from class path resource [spring/business-config.xml]
2016-12-05 19:53:59,253 INFO [localhost-startStop-1] o.s.w.c.ContextLoader [ContextLoader.java:325] Root WebApplicationContext: initialization completed in 408 ms
2016-12-05 19:53:59,286 INFO [localhost-startStop-1] o.s.w.s.DispatcherServlet [FrameworkServlet.java:485] FrameworkServlet 'springDispatcher': initialization started
2016-12-05 19:53:59,289 INFO [localhost-startStop-1] o.s.w.c.s.XmlWebApplicationContext [AbstractApplicationContext.java:510] Refreshing WebApplicationContext for namespace 'springDispatcher-servlet': startup date [Mon Dec 05 19:53:59 CET 2016]; parent: Root WebApplicationContext
2016-12-05 19:53:59,289 INFO [localhost-startStop-1] o.s.b.f.x.XmlBeanDefinitionReader [XmlBeanDefinitionReader.java:317] Loading XML bean definitions from class path resource [spring/mvc-core-config.xml]
2016-12-05 19:53:59,317 INFO [localhost-startStop-1] o.s.b.f.x.XmlBeanDefinitionReader [XmlBeanDefinitionReader.java:317] Loading XML bean definitions from class path resource [spring/mvc-view-config.xml]
2016-12-05 19:53:59,675 INFO [localhost-startStop-1] o.s.w.s.m.m.a.RequestMappingHandlerMapping [AbstractHandlerMethodMapping.java:217] Mapped "{[/api/groups/{id}],methods=[PUT],produces=[application/json]}" onto public void mk.ukim.finki.wp.web.GroupController.update(java.lang.Long,mk.ukim.finki.wp.model.Group)
2016-12-05 19:53:59,676 INFO [localhost-startStop-1] o.s.w.s.m.m.a.RequestMappingHandlerMapping [AbstractHandlerMethodMapping.java:217] Mapped "{[/api/groups/{id}],methods=[DELETE],produces=[application/json]}" onto public void mk.ukim.finki.wp.web.GroupController.delete(java.lang.Long)
2016-12-05 19:53:59,676 INFO [localhost-startStop-1] o.s.w.s.m.m.a.RequestMappingHandlerMapping [AbstractHandlerMethodMapping.java:217] Mapped "{[/api/groups],methods=[POST],produces=[application/json]}" onto public void mk.ukim.finki.wp.web.GroupController.save(mk.ukim.finki.wp.model.Group)
2016-12-05 19:53:59,677 INFO [localhost-startStop-1] o.s.w.s.m.m.a.RequestMappingHandlerMapping [AbstractHandlerMethodMapping.java:217] Mapped "{[/api/groups/{id}],methods=[GET],produces=[application/json]}" onto public mk.ukim.finki.wp.model.Group mk.ukim.finki.wp.web.GroupController.findById(java.lang.Long)
2016-12-05 19:53:59,677 INFO [localhost-startStop-1] o.s.w.s.m.m.a.RequestMappingHandlerMapping [AbstractHandlerMethodMapping.java:217] Mapped "{[/api/groups],methods=[GET],produces=[application/json]}" onto public java.util.List<mk.ukim.finki.wp.model.Group> mk.ukim.finki.wp.web.GroupController.findAll()
2016-12-05 19:53:59,678 INFO [localhost-startStop-1] o.s.w.s.m.m.a.RequestMappingHandlerMapping [AbstractHandlerMethodMapping.java:217] Mapped "{[/],methods=[GET]}" onto public org.springframework.web.servlet.ModelAndView mk.ukim.finki.wp.web.PizzaOrderController.index()
2016-12-05 19:53:59,678 INFO [localhost-startStop-1] o.s.w.s.m.m.a.RequestMappingHandlerMapping [AbstractHandlerMethodMapping.java:217] Mapped "{[/placeOrder],methods=[GET]}" onto public org.springframework.web.servlet.ModelAndView mk.ukim.finki.wp.web.PizzaOrderController.placeOrder(java.lang.String,java.lang.String,javax.servlet.http.HttpSession)
2016-12-05 19:53:59,678 INFO [localhost-startStop-1] o.s.w.s.m.m.a.RequestMappingHandlerMapping [AbstractHandlerMethodMapping.java:217] Mapped "{[/delivery],methods=[GET]}" onto public org.springframework.web.servlet.ModelAndView mk.ukim.finki.wp.web.PizzaOrderController.showClientInfo(java.lang.String,javax.servlet.http.HttpSession)
2016-12-05 19:53:59,729 INFO [localhost-startStop-1] o.h.v.i.u.Version [Version.java:27] HV000001: Hibernate Validator 5.1.3.Final
2016-12-05 19:54:00,305 INFO [localhost-startStop-1] o.s.w.s.m.m.a.RequestMappingHandlerAdapter [RequestMappingHandlerAdapter.java:517] Looking for @ControllerAdvice: WebApplicationContext for namespace 'springDispatcher-servlet': startup date [Mon Dec 05 19:53:59 CET 2016]; parent: Root WebApplicationContext
2016-12-05 19:54:00,356 INFO [localhost-startStop-1] o.s.w.s.m.m.a.RequestMappingHandlerAdapter [RequestMappingHandlerAdapter.java:517] Looking for @ControllerAdvice: WebApplicationContext for namespace 'springDispatcher-servlet': startup date [Mon Dec 05 19:53:59 CET 2016]; parent: Root WebApplicationContext
2016-12-05 19:54:00,434 INFO [localhost-startStop-1] o.s.w.s.h.SimpleUrlHandlerMapping [AbstractUrlHandlerMapping.java:301] Root mapping to handler of type [class org.springframework.web.servlet.mvc.ParameterizableViewController]
2016-12-05 19:54:00,443 INFO [localhost-startStop-1] o.s.w.s.h.SimpleUrlHandlerMapping [AbstractUrlHandlerMapping.java:314] Mapped URL path [/**] onto handler 'org.springframework.web.servlet.resource.DefaultServletHttpRequestHandler#0'
2016-12-05 19:54:00,484 INFO [localhost-startStop-1] o.s.w.s.DispatcherServlet [FrameworkServlet.java:504] FrameworkServlet 'springDispatcher': initialization completed in 1198 ms
